https://github.com/azurecr-test/distribution-australiasoutheast
https://github.com/azurecr-test/distribution-westcentralus
https://github.com/azurecr-test/distribution-eastus
https://github.com/azurecr-test/distribution-ukwest
https://github.com/azurecr-test/distribution-uksouth
https://github.com/azurecr-test/distribution-centralus
https://github.com/azurecr-test/distribution-northeurope
https://github.com/azurecr-test/distribution-eastasia
https://github.com/azurecr-test/distribution-northcentralus
https://github.com/azurecr-test/distribution-southeastasia
https://github.com/azurecr-test/distribution-southcentralus
https://github.com/azurecr-test/distribution-westus
https://github.com/azurecr-test/distribution-westusdf
https://github.com/azurecr-test/distribution-australiaeast
https://github.com/azurecr-test/distribution-japanwest
https://github.com/azurecr-test/distribution-canadaeast
https://github.com/azurecr-test/distribution-centralindia
https://github.com/azurecr-test/distribution-japaneast
https://github.com/azurecr-test/distribution-brazilsouth
https://github.com/azurecr-test/distribution-canadacentral
https://github.com/azurecr-test/distribution-southindia
https://github.com/azurecr-test/distribution-westeurope
https://github.com/azurecr-test/distribution-eastusdf
https://github.com/azurecr-test/distribution-eus2euap
https://github.com/azurecr-test/distribution-eastus2
https://github.com/azurecr-test/distribution-westus2
https://callentan.visualstudio.com/azurecr-test/_git/distribution-vsts