https://github.com/azurecr-test/iis-docker-westeurope
https://github.com/azurecr-test/iis-docker-westcentralus
https://github.com/azurecr-test/iis-docker-ukwest
https://github.com/azurecr-test/iis-docker-japanwest
https://github.com/azurecr-test/iis-docker-westus
https://github.com/azurecr-test/iis-docker-canadacentral
https://github.com/azurecr-test/iis-docker-westus2
https://github.com/azurecr-test/iis-docker-southcentralus
https://github.com/azurecr-test/iis-docker-southindia
https://github.com/azurecr-test/iis-docker-northcentralus
https://github.com/azurecr-test/iis-docker-eastusdf
https://github.com/azurecr-test/iis-docker-brazilsouth
https://github.com/azurecr-test/iis-docker-australiaeast
https://github.com/azurecr-test/iis-docker-eastus
https://github.com/azurecr-test/iis-docker-westusdf
https://github.com/azurecr-test/iis-docker-eastasia
https://github.com/azurecr-test/iis-docker-australiasoutheast
https://github.com/azurecr-test/iis-docker-centralus
https://github.com/azurecr-test/iis-docker-southeastasia
https://github.com/azurecr-test/iis-docker-canadaeast
https://github.com/azurecr-test/iis-docker-japaneast
https://github.com/azurecr-test/iis-docker-eastus2
https://github.com/azurecr-test/iis-docker-centralindia
https://github.com/azurecr-test/iis-docker-uksouth
https://github.com/azurecr-test/iis-docker-northeurope
https://github.com/azurecr-test/iis-docker-eus2euap
https://callentan.visualstudio.com/azurecr-test/_git/iis-docker-vsts